2022-06-19 13:51:17.541  INFO 19940 --- [http-nio-8080-exec-1] o.s.web.servlet.DispatcherServlet        : Initializing Servlet 'dispatcherServlet'
2022-06-19 13:51:17.543  INFO 19940 --- [http-nio-8080-exec-1] o.s.web.servlet.DispatcherServlet        : Completed initialization in 0 ms
2022-06-19 13:51:18.130 DEBUG 19940 --- [http-nio-8080-exec-1] m.d.mapper.StudentMapper.selectById      : ==>  Preparing: SELECT student_no,name,sex,telephone_number,family_telephone_number,birthday,address,id_card,email,dormitory_number,class_no,state,remarks FROM student WHERE student_no=?
2022-06-19 13:51:18.146 DEBUG 19940 --- [http-nio-8080-exec-1] m.d.mapper.StudentMapper.selectById      : ==> Parameters: 202012340112(Long)
2022-06-19 13:51:18.162 DEBUG 19940 --- [http-nio-8080-exec-1] m.d.mapper.StudentMapper.selectById      : <==      Total: 1
2022-06-19 13:51:37.222 DEBUG 19940 --- [http-nio-8080-exec-2] m.d.mapper.StudentMapper.selectById      : ==>  Preparing: SELECT student_no,name,sex,telephone_number,family_telephone_number,birthday,address,id_card,email,dormitory_number,class_no,state,remarks FROM student WHERE student_no=?
2022-06-19 13:51:37.223 DEBUG 19940 --- [http-nio-8080-exec-2] m.d.mapper.StudentMapper.selectById      : ==> Parameters: 202012340113(Long)
2022-06-19 13:51:37.225 DEBUG 19940 --- [http-nio-8080-exec-2] m.d.mapper.StudentMapper.selectById      : <==      Total: 1
2022-06-19 13:53:59.124  INFO 19940 --- [SpringApplicationShutdownHook] com.alibaba.druid.pool.DruidDataSource   : {dataSource-1} closing ...
2022-06-19 13:53:59.126  INFO 19940 --- [SpringApplicationShutdownHook] com.alibaba.druid.pool.DruidDataSource   : {dataSource-1} closed
2022-06-19 13:54:02.808  INFO 20108 --- [restartedMain] m.d.DockerComposeBootApplication         : Starting DockerComposeBootApplication using Java 16.0.2 on mao with PID 20108 (H:\程序\大三下期\Docker_compose_boot\target\classes started by mao in H:\程序\大三下期\Docker_compose_boot)
2022-06-19 13:54:02.809 DEBUG 20108 --- [restartedMain] m.d.DockerComposeBootApplication         : Running with Spring Boot v2.7.0, Spring v5.3.20
2022-06-19 13:54:02.810  INFO 20108 --- [restartedMain] m.d.DockerComposeBootApplication         : The following 1 profile is active: "dev"
2022-06-19 13:54:02.849  INFO 20108 --- [restartedMain] .e.DevToolsPropertyDefaultsPostProcessor : Devtools property defaults active! Set 'spring.devtools.add-properties' to 'false' to disable
2022-06-19 13:54:02.849  INFO 20108 --- [restartedMain] .e.DevToolsPropertyDefaultsPostProcessor : For additional web related logging consider setting the 'logging.level.web' property to 'DEBUG'
2022-06-19 13:54:03.311  INFO 20108 --- [restartedMain] .s.d.r.c.RepositoryConfigurationDelegate : Multiple Spring Data modules found, entering strict repository configuration mode!
2022-06-19 13:54:03.312  INFO 20108 --- [restartedMain] .s.d.r.c.RepositoryConfigurationDelegate : Bootstrapping Spring Data Redis repositories in DEFAULT mode.
2022-06-19 13:54:03.327  INFO 20108 --- [restartedMain] .s.d.r.c.RepositoryConfigurationDelegate : Finished Spring Data repository scanning in 6 ms. Found 0 Redis repository interfaces.
2022-06-19 13:54:03.775  INFO 20108 --- [restartedMain] o.s.b.w.embedded.tomcat.TomcatWebServer  : Tomcat initialized with port(s): 8080 (http)
2022-06-19 13:54:03.781  INFO 20108 --- [restartedMain] o.apache.catalina.core.StandardService   : Starting service [Tomcat]
2022-06-19 13:54:03.782  INFO 20108 --- [restartedMain] org.apache.catalina.core.StandardEngine  : Starting Servlet engine: [Apache Tomcat/9.0.63]
2022-06-19 13:54:03.850  INFO 20108 --- [restartedMain] o.a.c.c.C.[Tomcat].[localhost].[/]       : Initializing Spring embedded WebApplicationContext
2022-06-19 13:54:03.850  INFO 20108 --- [restartedMain] w.s.c.ServletWebServerApplicationContext : Root WebApplicationContext: initialization completed in 1000 ms
2022-06-19 13:54:03.920  INFO 20108 --- [restartedMain] c.a.d.s.b.a.DruidDataSourceAutoConfigure : Init DruidDataSource
2022-06-19 13:54:04.013  INFO 20108 --- [restartedMain] com.alibaba.druid.pool.DruidDataSource   : {dataSource-1} inited
2022-06-19 13:54:04.723  INFO 20108 --- [restartedMain] o.s.b.d.a.OptionalLiveReloadServer       : LiveReload server is running on port 35729
2022-06-19 13:54:04.757  INFO 20108 --- [restartedMain] o.s.b.w.embedded.tomcat.TomcatWebServer  : Tomcat started on port(s): 8080 (http) with context path ''
2022-06-19 13:54:04.768  INFO 20108 --- [restartedMain] m.d.DockerComposeBootApplication         : Started DockerComposeBootApplication in 2.31 seconds (JVM running for 2.921)
2022-06-19 13:54:18.389  INFO 20108 --- [http-nio-8080-exec-1] o.a.c.c.C.[Tomcat].[localhost].[/]       : Initializing Spring DispatcherServlet 'dispatcherServlet'
2022-06-19 13:54:18.389  INFO 20108 --- [http-nio-8080-exec-1] o.s.web.servlet.DispatcherServlet        : Initializing Servlet 'dispatcherServlet'
2022-06-19 13:54:18.390  INFO 20108 --- [http-nio-8080-exec-1] o.s.web.servlet.DispatcherServlet        : Completed initialization in 1 ms
2022-06-19 13:54:18.983 DEBUG 20108 --- [http-nio-8080-exec-1] m.d.mapper.StudentMapper.selectById      : ==>  Preparing: SELECT student_no,name,sex,telephone_number,family_telephone_number,birthday,address,id_card,email,dormitory_number,class_no,state,remarks FROM student WHERE student_no=?
2022-06-19 13:54:18.999 DEBUG 20108 --- [http-nio-8080-exec-1] m.d.mapper.StudentMapper.selectById      : ==> Parameters: 202012340113(Long)
2022-06-19 13:54:19.017 DEBUG 20108 --- [http-nio-8080-exec-1] m.d.mapper.StudentMapper.selectById      : <==      Total: 1
2022-06-19 13:57:49.800  INFO 20108 --- [SpringApplicationShutdownHook] com.alibaba.druid.pool.DruidDataSource   : {dataSource-1} closing ...
2022-06-19 13:57:49.803  INFO 20108 --- [SpringApplicationShutdownHook] com.alibaba.druid.pool.DruidDataSource   : {dataSource-1} closed
2022-06-19 13:58:52.434  INFO 20284 --- [restartedMain] m.d.DockerComposeBootApplication         : Starting DockerComposeBootApplication using Java 16.0.2 on mao with PID 20284 (H:\程序\大三下期\Docker_compose_boot\target\classes started by mao in H:\程序\大三下期\Docker_compose_boot)
2022-06-19 13:58:52.435 DEBUG 20284 --- [restartedMain] m.d.DockerComposeBootApplication         : Running with Spring Boot v2.7.0, Spring v5.3.20
2022-06-19 13:58:52.435  INFO 20284 --- [restartedMain] m.d.DockerComposeBootApplication         : The following 1 profile is active: "dev"
2022-06-19 13:58:52.471  INFO 20284 --- [restartedMain] .e.DevToolsPropertyDefaultsPostProcessor : Devtools property defaults active! Set 'spring.devtools.add-properties' to 'false' to disable
2022-06-19 13:58:52.471  INFO 20284 --- [restartedMain] .e.DevToolsPropertyDefaultsPostProcessor : For additional web related logging consider setting the 'logging.level.web' property to 'DEBUG'
2022-06-19 13:58:52.959  INFO 20284 --- [restartedMain] .s.d.r.c.RepositoryConfigurationDelegate : Multiple Spring Data modules found, entering strict repository configuration mode!
2022-06-19 13:58:52.960  INFO 20284 --- [restartedMain] .s.d.r.c.RepositoryConfigurationDelegate : Bootstrapping Spring Data Redis repositories in DEFAULT mode.
2022-06-19 13:58:52.976  INFO 20284 --- [restartedMain] .s.d.r.c.RepositoryConfigurationDelegate : Finished Spring Data repository scanning in 6 ms. Found 0 Redis repository interfaces.
2022-06-19 13:58:53.413  INFO 20284 --- [restartedMain] o.s.b.w.embedded.tomcat.TomcatWebServer  : Tomcat initialized with port(s): 8080 (http)
2022-06-19 13:58:53.420  INFO 20284 --- [restartedMain] o.apache.catalina.core.StandardService   : Starting service [Tomcat]
2022-06-19 13:58:53.420  INFO 20284 --- [restartedMain] org.apache.catalina.core.StandardEngine  : Starting Servlet engine: [Apache Tomcat/9.0.63]
2022-06-19 13:58:53.484  INFO 20284 --- [restartedMain] o.a.c.c.C.[Tomcat].[localhost].[/]       : Initializing Spring embedded WebApplicationContext
2022-06-19 13:58:53.484  INFO 20284 --- [restartedMain] w.s.c.ServletWebServerApplicationContext : Root WebApplicationContext: initialization completed in 1012 ms
2022-06-19 13:58:53.546  INFO 20284 --- [restartedMain] c.a.d.s.b.a.DruidDataSourceAutoConfigure : Init DruidDataSource
2022-06-19 13:58:53.639  INFO 20284 --- [restartedMain] com.alibaba.druid.pool.DruidDataSource   : {dataSource-1} inited
2022-06-19 13:58:54.334  INFO 20284 --- [restartedMain] o.s.b.d.a.OptionalLiveReloadServer       : LiveReload server is running on port 35729
2022-06-19 13:58:54.369  INFO 20284 --- [restartedMain] o.s.b.w.embedded.tomcat.TomcatWebServer  : Tomcat started on port(s): 8080 (http) with context path ''
2022-06-19 13:58:54.382  INFO 20284 --- [restartedMain] m.d.DockerComposeBootApplication         : Started DockerComposeBootApplication in 2.333 seconds (JVM running for 3.211)
2022-06-19 13:58:57.449  INFO 20284 --- [SpringApplicationShutdownHook] com.alibaba.druid.pool.DruidDataSource   : {dataSource-1} closing ...
2022-06-19 13:58:57.450  INFO 20284 --- [SpringApplicationShutdownHook] com.alibaba.druid.pool.DruidDataSource   : {dataSource-1} closed
2022-06-19 13:59:19.953  INFO 19104 --- [main] m.d.DockerComposeBootApplicationTests    : Starting DockerComposeBootApplicationTests using Java 16.0.2 on mao with PID 19104 (started by mao in H:\程序\大三下期\Docker_compose_boot)
2022-06-19 13:59:19.954 DEBUG 19104 --- [main] m.d.DockerComposeBootApplicationTests    : Running with Spring Boot v2.7.0, Spring v5.3.20
2022-06-19 13:59:19.955  INFO 19104 --- [main] m.d.DockerComposeBootApplicationTests    : The following 1 profile is active: "dev"
2022-06-19 13:59:20.638  INFO 19104 --- [main] .s.d.r.c.RepositoryConfigurationDelegate : Multiple Spring Data modules found, entering strict repository configuration mode!
2022-06-19 13:59:20.641  INFO 19104 --- [main] .s.d.r.c.RepositoryConfigurationDelegate : Bootstrapping Spring Data Redis repositories in DEFAULT mode.
2022-06-19 13:59:20.666  INFO 19104 --- [main] .s.d.r.c.RepositoryConfigurationDelegate : Finished Spring Data repository scanning in 10 ms. Found 0 Redis repository interfaces.
2022-06-19 13:59:21.194  INFO 19104 --- [main] c.a.d.s.b.a.DruidDataSourceAutoConfigure : Init DruidDataSource
2022-06-19 13:59:21.458  INFO 19104 --- [main] com.alibaba.druid.pool.DruidDataSource   : {dataSource-1} inited
2022-06-19 13:59:23.952  INFO 19104 --- [main] m.d.DockerComposeBootApplicationTests    : Started DockerComposeBootApplicationTests in 4.428 seconds (JVM running for 5.35)
2022-06-19 13:59:24.639  INFO 19104 --- [SpringApplicationShutdownHook] com.alibaba.druid.pool.DruidDataSource   : {dataSource-1} closing ...
2022-06-19 13:59:24.640  INFO 19104 --- [SpringApplicationShutdownHook] com.alibaba.druid.pool.DruidDataSource   : {dataSource-1} closed
